<?xml version="1.0" encoding="UTF-8"?>
<!-- Generated by org.testng.reporters.JUnitReportReporter -->
<testsuite hostname="MSI" failures="0" tests="1" name="runner.TestRunner" time="14.194" errors="0" timestamp="2025-03-06T21:04:10 IST" skipped="0">
  <testcase classname="runner.TestRunner" name="runScenario" time="14.194"/>
  <system-out/>
</testsuite> <!-- runner.TestRunner -->
