<?xml version="1.0" encoding="UTF-8"?>
<!-- Generated by org.testng.reporters.JUnitReportReporter -->
<testsuite hostname="MSI" failures="0" tests="1" name="runner.TestRunner" time="12.359" errors="0" timestamp="2025-03-07T10:52:40 IST" skipped="0">
  <testcase classname="runner.TestRunner" name="runScenario" time="12.359"/>
  <system-out/>
</testsuite> <!-- runner.TestRunner -->
