<?xml version="1.0" encoding="UTF-8"?>
<!-- Generated by org.testng.reporters.JUnitReportReporter -->
<testsuite hostname="MSI" failures="0" tests="1" name="runner.TestRunner" time="6.095" errors="0" timestamp="2025-03-07T22:53:03 IST" skipped="0">
  <testcase classname="runner.TestRunner" name="runScenario" time="6.095"/>
  <system-out/>
</testsuite> <!-- runner.TestRunner -->
