<?xml version="1.0" encoding="UTF-8"?>
<!-- Generated by org.testng.reporters.JUnitReportReporter -->
<testsuite hostname="MSI" failures="0" tests="1" name="runner.TestRunner" time="24.117" errors="0" timestamp="2025-03-07T20:54:21 IST" skipped="0">
  <testcase classname="runner.TestRunner" name="runScenario" time="24.117"/>
  <system-out/>
</testsuite> <!-- runner.TestRunner -->
