<?xml version="1.0" encoding="UTF-8"?>
<!-- Generated by org.testng.reporters.JUnitReportReporter -->
<testsuite hostname="MSI" failures="0" tests="3" name="runner.TestRunner" time="139.911" errors="0" timestamp="2025-03-08T01:00:10 IST" skipped="0">
  <testcase classname="runner.TestRunner" name="runScenario" time="63.453"/>
  <system-out/>
  <testcase classname="runner.TestRunner" name="runScenario" time="33.427"/>
  <system-out/>
  <testcase classname="runner.TestRunner" name="runScenario" time="43.031"/>
  <system-out/>
</testsuite> <!-- runner.TestRunner -->
