<?xml version="1.0" encoding="UTF-8"?>
<!-- Generated by org.testng.reporters.JUnitReportReporter -->
<testsuite hostname="MSI" failures="0" tests="1" name="runner.TestRunner" time="15.535" errors="0" timestamp="2025-03-08T00:08:33 IST" skipped="0">
  <testcase classname="runner.TestRunner" name="runScenario" time="15.535"/>
  <system-out/>
</testsuite> <!-- runner.TestRunner -->
